build/outputs/logs/manifest-merger-debug-report.txt
-- Merging decision tree log ---
manifest
ADDED from src\main\AndroidManifest.xml:2:1-38:12
	package
		ADDED from src\main\AndroidManifest.xml:3:5-27
		INJECTED from src\main\AndroidManifest.xml
		INJECTED from src\main\AndroidManifest.xml
	android:versionName
		ADDED from src\main\AndroidManifest.xml:5:5-30
		INJECTED from src\main\AndroidManifest.xml
		INJECTED from src\main\AndroidManifest.xml
	android:versionCode
		ADDED from src\main\AndroidManifest.xml:4:5-28
		INJECTED from src\main\AndroidManifest.xml
		INJECTED from src\main\AndroidManifest.xml
	xmlns:android
		ADDED from src\main\AndroidManifest.xml:2:11-69
uses-sdk
ADDED from src\main\AndroidManifest.xml:7:5-9:41
	android:targetSdkVersion
		ADDED from src\main\AndroidManifest.xml:9:9-38
		INJECTED from src\main\AndroidManifest.xml
		INJECTED from src\main\AndroidManifest.xml
	android:minSdkVersion
		ADDED from src\main\AndroidManifest.xml:8:9-34
		INJECTED from src\main\AndroidManifest.xml
		INJECTED from src\main\AndroidManifest.xml
uses-permission#android.permission.MOUNT_UNMOUNT_FILESYSTEMS
ADDED from src\main\AndroidManifest.xml:11:5-84
	android:name
		ADDED from src\main\AndroidManifest.xml:11:22-81
uses-permission#android.permission.WRITE_EXTERNAL_STORAGE
ADDED from src\main\AndroidManifest.xml:12:5-81
	android:name
		ADDED from src\main\AndroidManifest.xml:12:22-78
uses-permission#android.permission.CAMERA
ADDED from src\main\AndroidManifest.xml:13:5-65
	android:name
		ADDED from src\main\AndroidManifest.xml:13:22-62
uses-feature#android.hardware.camera
ADDED from src\main\AndroidManifest.xml:14:5-60
	android:name
		ADDED from src\main\AndroidManifest.xml:14:19-57
application
ADDED from src\main\AndroidManifest.xml:16:5-36:19
	android:label
		ADDED from src\main\AndroidManifest.xml:19:9-41
	android:allowBackup
		ADDED from src\main\AndroidManifest.xml:17:9-35
	android:icon
		ADDED from src\main\AndroidManifest.xml:18:9-45
	android:theme
		ADDED from src\main\AndroidManifest.xml:20:9-62
activity#com.jov.test.InforActivity
ADDED from src\main\AndroidManifest.xml:21:9-29:20
	android:label
		ADDED from src\main\AndroidManifest.xml:23:13-45
	android:name
		ADDED from src\main\AndroidManifest.xml:22:13-54
intent-filter#android.intent.action.MAIN+android.intent.category.LAUNCHER
ADDED from src\main\AndroidManifest.xml:24:13-28:29
action#android.intent.action.MAIN
ADDED from src\main\AndroidManifest.xml:25:17-69
	android:name
		ADDED from src\main\AndroidManifest.xml:25:25-66
category#android.intent.category.LAUNCHER
ADDED from src\main\AndroidManifest.xml:27:17-77
	android:name
		ADDED from src\main\AndroidManifest.xml:27:27-74
activity#com.jov.test.MainActivity
ADDED from src\main\AndroidManifest.xml:30:9-62
	android:name
		ADDED from src\main\AndroidManifest.xml:30:19-59
activity#com.jov.test.DoMentalHealthTestActivity
ADDED from src\main\AndroidManifest.xml:31:9-76
	android:name
		ADDED from src\main\AndroidManifest.xml:31:19-73
activity#com.jov.test.SettingActivity
ADDED from src\main\AndroidManifest.xml:32:9-65
	android:name
		ADDED from src\main\AndroidManifest.xml:32:19-62
activity#com.jov.test.UserListActivity
ADDED from src\main\AndroidManifest.xml:33:9-66
	android:name
		ADDED from src\main\AndroidManifest.xml:33:19-63
activity#com.jov.test.DoSimpleTestActivity
ADDED from src\main\AndroidManifest.xml:34:9-70
	android:name
		ADDED from src\main\AndroidManifest.xml:34:19-67
activity#com.jov.test.TestInforActivity
ADDED from src\main\AndroidManifest.xml:35:9-67
	android:name
		ADDED from src\main\AndroidManifest.xml:35:19-64